2022-12-01 17:45:24,671 [INFO] Serving on port 8000...
2022-12-01 17:45:24,672 [INFO] Press Ctrl+C to stop.
2022-12-01 17:45:24,672 [INFO] Visit http://localhost:8000/
2022-12-01 17:45:27,961 [INFO] [GET] Request: /
2022-12-01 17:45:38,971 [INFO] [GET] Request: /
2022-12-01 17:46:43,623 [INFO] [GET] Request: /
2022-12-01 17:47:20,119 [INFO] Serving on port 8000...
2022-12-01 17:47:20,119 [INFO] Press Ctrl+C to stop.
2022-12-01 17:47:20,119 [INFO] Visit http://localhost:8000/
2022-12-01 17:47:35,097 [INFO] [GET] Request: /
2022-12-01 17:51:51,309 [INFO] Serving on port 8000...
2022-12-01 17:51:51,310 [INFO] Press Ctrl+C to stop.
2022-12-01 17:51:51,310 [INFO] Visit http://localhost:8000/
2022-12-01 17:52:06,057 [INFO] Serving on port 8000...
2022-12-01 17:52:06,058 [INFO] Press Ctrl+C to stop.
2022-12-01 17:52:06,058 [INFO] Visit http://localhost:8000/
2022-12-01 17:52:07,132 [INFO] [GET] Request: /
2022-12-01 17:52:11,151 [INFO] [GET] Request: /make/make
2022-12-01 17:53:36,893 [INFO] [GET] Request: /make/make
2022-12-01 17:54:26,696 [INFO] Serving on port 8000...
2022-12-01 17:54:26,696 [INFO] Press Ctrl+C to stop.
2022-12-01 17:54:26,696 [INFO] Visit http://localhost:8000/
2022-12-01 17:54:32,947 [INFO] [GET] Request: /new/app
2022-12-01 17:55:27,766 [INFO] Serving on port 8000...
2022-12-01 17:55:27,766 [INFO] Press Ctrl+C to stop.
2022-12-01 17:55:27,766 [INFO] Visit http://localhost:8000/
2022-12-01 17:55:29,011 [INFO] [GET] Request: /new/app
2022-12-01 17:56:08,681 [INFO] Serving on port 8000...
2022-12-01 17:56:08,681 [INFO] Press Ctrl+C to stop.
2022-12-01 17:56:08,681 [INFO] Visit http://localhost:8000/
2022-12-01 17:56:25,628 [INFO] Serving on port 8000...
2022-12-01 17:56:25,628 [INFO] Press Ctrl+C to stop.
2022-12-01 17:56:25,628 [INFO] Visit http://localhost:8000/
2022-12-01 17:56:54,700 [INFO] Serving on port 8000...
2022-12-01 17:56:54,700 [INFO] Press Ctrl+C to stop.
2022-12-01 17:56:54,700 [INFO] Visit http://localhost:8000/
2022-12-01 17:57:28,301 [INFO] Serving on port 8000...
2022-12-01 17:57:28,301 [INFO] Press Ctrl+C to stop.
2022-12-01 17:57:28,301 [INFO] Visit http://localhost:8000/
2022-12-01 17:58:12,372 [INFO] Serving on port 8000...
2022-12-01 17:58:12,373 [INFO] Press Ctrl+C to stop.
2022-12-01 17:58:12,373 [INFO] Visit http://localhost:8000/
2022-12-01 17:58:13,843 [INFO] [GET] Request: /new/app
2022-12-01 17:58:20,897 [INFO] Serving on port 8000...
2022-12-01 17:58:20,897 [INFO] Press Ctrl+C to stop.
2022-12-01 17:58:20,897 [INFO] Visit http://localhost:8000/
2022-12-01 17:58:21,851 [INFO] [GET] Request: /new/app
2022-12-01 17:59:02,782 [INFO] Serving on port 8000...
2022-12-01 17:59:02,782 [INFO] Press Ctrl+C to stop.
2022-12-01 17:59:02,782 [INFO] Visit http://localhost:8000/
2022-12-01 17:59:03,805 [INFO] [GET] Request: /new/app
2022-12-01 18:02:28,885 [INFO] Serving on port 8000...
2022-12-01 18:02:28,885 [INFO] Press Ctrl+C to stop.
2022-12-01 18:02:28,885 [INFO] Visit http://localhost:8000/
2022-12-01 18:04:25,202 [INFO] Serving on port 8000...
2022-12-01 18:04:25,203 [INFO] Press Ctrl+C to stop.
2022-12-01 18:04:25,203 [INFO] Visit http://localhost:8000/
2022-12-01 18:04:27,346 [INFO] [GET] Request: /new/app
2022-12-01 18:04:48,953 [INFO] Serving on port 8000...
2022-12-01 18:04:48,954 [INFO] Press Ctrl+C to stop.
2022-12-01 18:04:48,954 [INFO] Visit http://localhost:8000/
2022-12-01 18:04:50,794 [INFO] [GET] Request: /new/app
2022-12-01 18:04:56,501 [INFO] Serving on port 8000...
2022-12-01 18:04:56,501 [INFO] Press Ctrl+C to stop.
2022-12-01 18:04:56,501 [INFO] Visit http://localhost:8000/
2022-12-01 18:04:57,287 [INFO] [GET] Request: /new/app
2022-12-01 18:05:03,099 [INFO] Serving on port 8000...
2022-12-01 18:05:03,099 [INFO] Press Ctrl+C to stop.
2022-12-01 18:05:03,099 [INFO] Visit http://localhost:8000/
2022-12-01 18:05:04,088 [INFO] [GET] Request: /new/app
2022-12-01 18:05:45,314 [INFO] Serving on port 8000...
2022-12-01 18:05:45,315 [INFO] Press Ctrl+C to stop.
2022-12-01 18:05:45,315 [INFO] Visit http://localhost:8000/
2022-12-01 18:05:46,937 [INFO] [GET] Request: /new/app
2022-12-01 18:06:11,938 [INFO] [GET] Request: /new/app
2022-12-01 18:06:36,284 [INFO] [GET] Request: /new/app
2022-12-01 18:07:05,784 [INFO] [POST] Request: /new/app
2022-12-01 18:07:05,784 [ERROR] Method POST not found in new.app
2022-12-01 18:07:08,513 [INFO] Serving on port 8000...
2022-12-01 18:07:08,513 [INFO] Press Ctrl+C to stop.
2022-12-01 18:07:08,513 [INFO] Visit http://localhost:8000/
2022-12-01 18:07:10,603 [INFO] [POST] Request: /new/app
2022-12-01 18:08:36,639 [INFO] [POST] Request: /new/app
2022-12-01 18:09:18,413 [INFO] Serving on port 8000...
2022-12-01 18:09:18,413 [INFO] Press Ctrl+C to stop.
2022-12-01 18:09:18,413 [INFO] Visit http://localhost:8000/
2022-12-01 18:09:21,363 [INFO] [GET] Request: /new/app
2022-12-01 18:10:06,661 [INFO] Serving on port 8000...
2022-12-01 18:10:06,662 [INFO] Press Ctrl+C to stop.
2022-12-01 18:10:06,662 [INFO] Visit http://localhost:8000/
2022-12-01 18:10:08,468 [INFO] [GET] Request: /new/app
2022-12-01 18:10:16,008 [INFO] Serving on port 8000...
2022-12-01 18:10:16,008 [INFO] Press Ctrl+C to stop.
2022-12-01 18:10:16,008 [INFO] Visit http://localhost:8000/
2022-12-01 18:10:17,414 [INFO] [GET] Request: /new/app
2022-12-01 18:13:38,572 [INFO] [POST] Request: /new/app
2022-12-01 18:13:45,071 [INFO] [POST] Request: /new/app
2022-12-01 18:14:10,376 [INFO] Serving on port 8000...
2022-12-01 18:14:10,376 [INFO] Press Ctrl+C to stop.
2022-12-01 18:14:10,376 [INFO] Visit http://localhost:8000/
2022-12-01 18:14:13,718 [INFO] [POST] Request: /new/app
2022-12-01 18:14:29,781 [INFO] Serving on port 8000...
2022-12-01 18:14:29,781 [INFO] Press Ctrl+C to stop.
2022-12-01 18:14:29,781 [INFO] Visit http://localhost:8000/
2022-12-01 18:14:32,775 [INFO] [POST] Request: /new/app
2022-12-01 18:14:44,109 [INFO] Serving on port 8000...
2022-12-01 18:14:44,109 [INFO] Press Ctrl+C to stop.
2022-12-01 18:14:44,109 [INFO] Visit http://localhost:8000/
2022-12-01 18:14:46,340 [INFO] [POST] Request: /new/app
2022-12-01 18:15:03,385 [INFO] Serving on port 8000...
2022-12-01 18:15:03,386 [INFO] Press Ctrl+C to stop.
2022-12-01 18:15:03,386 [INFO] Visit http://localhost:8000/
2022-12-01 18:15:04,989 [INFO] [POST] Request: /new/app
2022-12-01 18:16:43,231 [INFO] Serving on port 8000...
2022-12-01 18:16:43,231 [INFO] Press Ctrl+C to stop.
2022-12-01 18:16:43,231 [INFO] Visit http://localhost:8000/
2022-12-01 18:16:51,634 [INFO] Serving on port 8000...
2022-12-01 18:16:51,634 [INFO] Press Ctrl+C to stop.
2022-12-01 18:16:51,634 [INFO] Visit http://localhost:8000/
2022-12-01 18:16:54,921 [INFO] [POST] Request: /new/app
2022-12-01 18:17:02,452 [INFO] Serving on port 8000...
2022-12-01 18:17:02,453 [INFO] Press Ctrl+C to stop.
2022-12-01 18:17:02,453 [INFO] Visit http://localhost:8000/
2022-12-01 18:17:05,211 [INFO] [POST] Request: /new/app
2022-12-01 18:18:27,426 [INFO] Serving on port 8000...
2022-12-01 18:18:27,426 [INFO] Press Ctrl+C to stop.
2022-12-01 18:18:27,426 [INFO] Visit http://localhost:8000/
2022-12-01 18:18:29,346 [INFO] Serving on port 8000...
2022-12-01 18:18:29,346 [INFO] Press Ctrl+C to stop.
2022-12-01 18:18:29,346 [INFO] Visit http://localhost:8000/
2022-12-01 18:18:33,216 [INFO] [GET] Request: /new/app
2022-12-01 18:18:40,839 [INFO] Serving on port 8000...
2022-12-01 18:18:40,839 [INFO] Press Ctrl+C to stop.
2022-12-01 18:18:40,839 [INFO] Visit http://localhost:8000/
2022-12-01 18:18:41,577 [INFO] [GET] Request: /new/app
2022-12-01 18:18:50,841 [INFO] Serving on port 8000...
2022-12-01 18:18:50,842 [INFO] Press Ctrl+C to stop.
2022-12-01 18:18:50,842 [INFO] Visit http://localhost:8000/
2022-12-01 18:18:51,921 [INFO] [GET] Request: /new/app
2022-12-01 18:19:18,216 [INFO] Serving on port 8000...
2022-12-01 18:19:18,216 [INFO] Press Ctrl+C to stop.
2022-12-01 18:19:18,216 [INFO] Visit http://localhost:8000/
2022-12-01 18:19:19,507 [INFO] [GET] Request: /new/app
2022-12-01 18:19:33,169 [INFO] Serving on port 8000...
2022-12-01 18:19:33,169 [INFO] Press Ctrl+C to stop.
2022-12-01 18:19:33,169 [INFO] Visit http://localhost:8000/
2022-12-01 18:19:34,605 [INFO] [GET] Request: /new/app
2022-12-01 18:21:28,483 [INFO] Serving on port 8000...
2022-12-01 18:21:28,483 [INFO] Press Ctrl+C to stop.
2022-12-01 18:21:28,483 [INFO] Visit http://localhost:8000/
2022-12-01 18:21:30,830 [INFO] [GET] Request: /new/app
2022-12-01 18:21:40,064 [INFO] [GET] Request: /new/app
2022-12-01 18:21:48,380 [INFO] Serving on port 8000...
2022-12-01 18:21:48,381 [INFO] Press Ctrl+C to stop.
2022-12-01 18:21:48,381 [INFO] Visit http://localhost:8000/
2022-12-01 18:21:49,609 [INFO] [GET] Request: /new/app
2022-12-01 18:21:52,465 [INFO] [GET] Request: /new/app
2022-12-01 18:22:05,852 [INFO] Serving on port 8000...
2022-12-01 18:22:05,852 [INFO] Press Ctrl+C to stop.
2022-12-01 18:22:05,852 [INFO] Visit http://localhost:8000/
2022-12-01 18:22:11,603 [INFO] Serving on port 8000...
2022-12-01 18:22:11,603 [INFO] Press Ctrl+C to stop.
2022-12-01 18:22:11,603 [INFO] Visit http://localhost:8000/
2022-12-01 18:22:13,128 [INFO] [GET] Request: /new/app
2022-12-01 18:22:19,797 [INFO] Serving on port 8000...
2022-12-01 18:22:19,797 [INFO] Press Ctrl+C to stop.
2022-12-01 18:22:19,797 [INFO] Visit http://localhost:8000/
2022-12-01 18:22:21,621 [INFO] [GET] Request: /new/app
2022-12-01 18:22:28,212 [INFO] Serving on port 8000...
2022-12-01 18:22:28,212 [INFO] Press Ctrl+C to stop.
2022-12-01 18:22:28,212 [INFO] Visit http://localhost:8000/
2022-12-01 18:22:37,573 [INFO] Serving on port 8000...
2022-12-01 18:22:37,573 [INFO] Press Ctrl+C to stop.
2022-12-01 18:22:37,574 [INFO] Visit http://localhost:8000/
2022-12-01 18:22:38,444 [INFO] [GET] Request: /new/app
